/*C12*/SET SCHEMA PUBLIC
drop table groups if exists
create table groups (group_id bigint generated by default as identity (start with 1), group_name varchar(255) not null, thread_pool_size integer not null, primary key (group_id))
alter table groups add constraint UK_7o859iyhxd19rv4hywgdvu2v4  unique (group_name)
INSERT INTO GROUPS VALUES(1,'GROUP1',5)
COMMIT
INSERT INTO GROUPS VALUES(2,'GROUP2',5)
COMMIT
INSERT INTO GROUPS VALUES(3,'GROUP3',5)
COMMIT
INSERT INTO GROUPS VALUES(4,'GROUP4',5)
COMMIT
INSERT INTO GROUPS VALUES(5,'GROUP5',5)
COMMIT
INSERT INTO LOCAL VALUES(4,'\uc8fc\ud3c9\ubb38','\uc6a9\uc0b0',0)
COMMIT
INSERT INTO LOCAL VALUES(5,'\uae40\uacbd\ud0dc','\uc6a9\uc0b0',1)
COMMIT
INSERT INTO LOCAL VALUES(6,'\uc6d0\uc885\uc131','\ub3d9\uc791',1)
COMMIT
INSERT INTO CAR VALUES(2,5,2,'\uc5d1\uc2a4\ud2b8\ub809',NULL)
COMMIT
