/*C12*/SET SCHEMA PUBLIC
alter table car drop constraint FK_bmsyr4lptvbec29kromou41ux
alter table carsaint drop constraint FK_toqtrrbykbi0kbmo7p48980ie
alter table carsaint drop constraint FK_8s1xgjiwr9mof3lnt5hvwx1ar
alter table room drop constraint FK_jhr10antcbs3b7hm7xbst6r32
alter table roomsaint drop constraint FK_shtirws2ubk9w8q7x18aut1ci
alter table roomsaint drop constraint FK_qvqsyv2crvh3qkmpt14tba77s
alter table saint drop constraint FK_gtgv07x38mo83pmwxdauv54j0
drop table car if exists
drop table carsaint if exists
drop table groups if exists
drop table local if exists
drop table room if exists
drop table roomsaint if exists
drop table saint if exists
create table car (car_id bigint generated by default as identity (start with 1), car_capacity integer not null, driver_id bigint, car_name varchar(255) not null, local bigint, primary key (car_id))
create table carsaint (assign_car_id bigint generated by default as identity (start with 1), car bigint, saint bigint, primary key (assign_car_id))
create table groups (group_id bigint generated by default as identity (start with 1), group_name varchar(255) not null, thread_pool_size integer not null, primary key (group_id))
create table local (local_id bigint generated by default as identity (start with 1), local_elder varchar(255) not null, local_name varchar(255) not null, plocal_id bigint, primary key (local_id))
create table room (room_id bigint generated by default as identity (start with 1), room_capacity integer not null, room_name varchar(255) not null, local bigint, primary key (room_id))
create table roomsaint (assign_room_id bigint generated by default as identity (start with 1), room bigint, saint bigint, primary key (assign_room_id))
create table saint (saint_id bigint generated by default as identity (start with 1), saint_age integer not null, saint_breeder bigint, saint_classify varchar(255) not null, saint_gender char(255) not null, saint_head bigint, saint_name varchar(255) not null, saint_status varchar(255) not null, local bigint, primary key (saint_id))
alter table groups add constraint UK_7o859iyhxd19rv4hywgdvu2v4  unique (group_name)
alter table car add constraint FK_bmsyr4lptvbec29kromou41ux foreign key (local) references local
alter table carsaint add constraint FK_toqtrrbykbi0kbmo7p48980ie foreign key (car) references car
alter table carsaint add constraint FK_8s1xgjiwr9mof3lnt5hvwx1ar foreign key (saint) references saint
alter table room add constraint FK_jhr10antcbs3b7hm7xbst6r32 foreign key (local) references local
alter table roomsaint add constraint FK_shtirws2ubk9w8q7x18aut1ci foreign key (room) references room
alter table roomsaint add constraint FK_qvqsyv2crvh3qkmpt14tba77s foreign key (saint) references saint
alter table saint add constraint FK_gtgv07x38mo83pmwxdauv54j0 foreign key (local) references local
INSERT INTO GROUPS VALUES(1,'GROUP1',5)
COMMIT
INSERT INTO GROUPS VALUES(2,'GROUP2',5)
COMMIT
INSERT INTO GROUPS VALUES(3,'GROUP3',5)
COMMIT
INSERT INTO GROUPS VALUES(4,'GROUP4',5)
COMMIT
INSERT INTO GROUPS VALUES(5,'GROUP5',5)
COMMIT
INSERT INTO LOCAL VALUES(1,'\uc8fc\ud3c9\ubb38','\uc6a9\uc0b0',0)
COMMIT
INSERT INTO LOCAL VALUES(2,'\uae40\uacbd\ud0dc','\uc6a9\uc0b0',1)
COMMIT
INSERT INTO LOCAL VALUES(3,'\uc6d0\uc885\uc131','\ub3d9\uc791',1)
COMMIT
INSERT INTO CAR VALUES(1,5,2,'\uc5d1\uc2a4\ud2b8\ub809',1)
COMMIT
INSERT INTO ROOM VALUES(1,5,'501',1)
COMMIT
INSERT INTO SAINT VALUES(1,36,NULL,'\uae30\uc874','M                                                                                                                                                                                                                                                              ',NULL,'\uae40\uc885\uc77c','\uc804\uc77c',3)
COMMIT
INSERT INTO SAINT VALUES(2,35,NULL,'\uae30\uc874','F                                                                                                                                                                                                                                                              ',1,'\uc624\ub355\uc2e4','\uc804\uc77c',3)
COMMIT
INSERT INTO SAINT VALUES(3,6,NULL,'\uae30\uc874','M                                                                                                                                                                                                                                                              ',1,'\uae40\uc2b9\uc8fc','\uc804\uc77c',3)
COMMIT
INSERT INTO SAINT VALUES(4,1,NULL,'\uae30\uc874','M                                                                                                                                                                                                                                                              ',1,'\uae40\uc8fc\uc548','\uc804\uc77c',3)
COMMIT
INSERT INTO CARSAINT VALUES(1,1,2)
COMMIT
INSERT INTO CARSAINT VALUES(2,1,3)
COMMIT
INSERT INTO CARSAINT VALUES(3,1,4)
COMMIT
INSERT INTO ROOMSAINT VALUES(1,1,1)
COMMIT
INSERT INTO ROOMSAINT VALUES(2,1,2)
COMMIT
INSERT INTO ROOMSAINT VALUES(3,1,3)
COMMIT
INSERT INTO ROOMSAINT VALUES(4,1,4)
COMMIT
